<?xml version="1.0" encoding="UTF-8"?>
<robot generator="Robot 3.2.2 (Python 3.9.1 on win32)" generated="20201214 15:28:50.094" rpa="false">
<suite id="s1" name="Login Forms" source="C:\Akaue\robotFramework\web\tests\login_forms.robot">
<test id="s1-t1" name="Login com Sucesso">
<kw name="Nova sessão" library="base" type="setup">
<kw name="Open Browser" library="SeleniumLibrary">
<doc>Opens a new browser instance to the optional ``url``.</doc>
<arguments>
<arg>${url}</arg>
<arg>chrome</arg>
</arguments>
<msg timestamp="20201214 15:28:50.421" level="INFO">Opening browser 'chrome' to base url 'https://training-wheels-protocol.herokuapp.com/'.</msg>
<status status="PASS" starttime="20201214 15:28:50.421" endtime="20201214 15:28:56.772"></status>
</kw>
<status status="PASS" starttime="20201214 15:28:50.420" endtime="20201214 15:28:56.773"></status>
</kw>
<kw name="Go To" library="SeleniumLibrary">
<doc>Navigates the current browser window to the provided ``url``.</doc>
<arguments>
<arg>${url}/login</arg>
</arguments>
<msg timestamp="20201214 15:28:56.774" level="INFO">Opening url 'https://training-wheels-protocol.herokuapp.com//login'</msg>
<status status="PASS" starttime="20201214 15:28:56.773" endtime="20201214 15:29:00.338"></status>
</kw>
<kw name="Input Text" library="SeleniumLibrary">
<doc>Types the given ``text`` into the text field identified by ``locator``.</doc>
<arguments>
<arg>css:input[name=username]</arg>
<arg>stark</arg>
</arguments>
<msg timestamp="20201214 15:29:00.339" level="INFO">Typing text 'stark' into text field 'css:input[name=username]'.</msg>
<status status="PASS" starttime="20201214 15:29:00.338" endtime="20201214 15:29:00.488"></status>
</kw>
<kw name="Input Text" library="SeleniumLibrary">
<doc>Types the given ``text`` into the text field identified by ``locator``.</doc>
<arguments>
<arg>css:input[name=password]</arg>
<arg>jarvis!</arg>
</arguments>
<msg timestamp="20201214 15:29:00.490" level="INFO">Typing text 'jarvis!' into text field 'css:input[name=password]'.</msg>
<status status="PASS" starttime="20201214 15:29:00.490" endtime="20201214 15:29:00.647"></status>
</kw>
<kw name="Click Element" library="SeleniumLibrary">
<doc>Click the element identified by ``locator``.</doc>
<arguments>
<arg>class:btn-login</arg>
</arguments>
<msg timestamp="20201214 15:29:00.649" level="INFO">Clicking element 'class:btn-login'.</msg>
<status status="PASS" starttime="20201214 15:29:00.648" endtime="20201214 15:29:01.244"></status>
</kw>
<kw name="Page Should Contain" library="SeleniumLibrary">
<doc>Verifies that current page contains ``text``.</doc>
<arguments>
<arg>Olá, Tony Stark. Você acessou a área logada!</arg>
</arguments>
<msg timestamp="20201214 15:29:01.288" level="INFO">Current page contains text 'Olá, Tony Stark. Você acessou a área logada!'.</msg>
<status status="PASS" starttime="20201214 15:29:01.247" endtime="20201214 15:29:01.288"></status>
</kw>
<kw name="Encerra sessão" library="base" type="teardown">
<kw name="Capture Page Screenshot" library="SeleniumLibrary">
<doc>Takes a screenshot of the current page and embeds it into a log file.</doc>
<msg timestamp="20201214 15:29:01.689" level="INFO" html="yes">&lt;/td&gt;&lt;/tr&gt;&lt;tr&gt;&lt;td colspan="3"&gt;&lt;a href="selenium-screenshot-29.png"&gt;&lt;img src="selenium-screenshot-29.png" width="800px"&gt;&lt;/a&gt;</msg>
<status status="PASS" starttime="20201214 15:29:01.289" endtime="20201214 15:29:01.689"></status>
</kw>
<kw name="Close Browser" library="SeleniumLibrary">
<doc>Closes the current browser.</doc>
<status status="PASS" starttime="20201214 15:29:01.689" endtime="20201214 15:29:05.177"></status>
</kw>
<status status="PASS" starttime="20201214 15:29:01.289" endtime="20201214 15:29:05.177"></status>
</kw>
<status status="PASS" starttime="20201214 15:28:50.419" endtime="20201214 15:29:05.178" critical="yes"></status>
</test>
<test id="s1-t2" name="Senha Inválida">
<kw name="Nova sessão" library="base" type="setup">
<kw name="Open Browser" library="SeleniumLibrary">
<doc>Opens a new browser instance to the optional ``url``.</doc>
<arguments>
<arg>${url}</arg>
<arg>chrome</arg>
</arguments>
<msg timestamp="20201214 15:29:05.183" level="INFO">Opening browser 'chrome' to base url 'https://training-wheels-protocol.herokuapp.com/'.</msg>
<status status="PASS" starttime="20201214 15:29:05.182" endtime="20201214 15:29:11.833"></status>
</kw>
<status status="PASS" starttime="20201214 15:29:05.182" endtime="20201214 15:29:11.833"></status>
</kw>
<kw name="Go To" library="SeleniumLibrary">
<doc>Navigates the current browser window to the provided ``url``.</doc>
<arguments>
<arg>${url}/login</arg>
</arguments>
<msg timestamp="20201214 15:29:11.834" level="INFO">Opening url 'https://training-wheels-protocol.herokuapp.com//login'</msg>
<status status="PASS" starttime="20201214 15:29:11.834" endtime="20201214 15:29:15.093"></status>
</kw>
<kw name="Input Text" library="SeleniumLibrary">
<doc>Types the given ``text`` into the text field identified by ``locator``.</doc>
<arguments>
<arg>css:input[name=username]</arg>
<arg>starks</arg>
</arguments>
<msg timestamp="20201214 15:29:15.094" level="INFO">Typing text 'starks' into text field 'css:input[name=username]'.</msg>
<status status="PASS" starttime="20201214 15:29:15.094" endtime="20201214 15:29:15.283"></status>
</kw>
<kw name="Input Text" library="SeleniumLibrary">
<doc>Types the given ``text`` into the text field identified by ``locator``.</doc>
<arguments>
<arg>css:input[name=password]</arg>
<arg>jarviss!</arg>
</arguments>
<msg timestamp="20201214 15:29:15.284" level="INFO">Typing text 'jarviss!' into text field 'css:input[name=password]'.</msg>
<status status="PASS" starttime="20201214 15:29:15.283" endtime="20201214 15:29:15.454"></status>
</kw>
<kw name="Click Element" library="SeleniumLibrary">
<doc>Click the element identified by ``locator``.</doc>
<arguments>
<arg>class:btn-login</arg>
</arguments>
<msg timestamp="20201214 15:29:15.455" level="INFO">Clicking element 'class:btn-login'.</msg>
<status status="PASS" starttime="20201214 15:29:15.454" endtime="20201214 15:29:16.020"></status>
</kw>
<kw name="Page Should Contain" library="SeleniumLibrary">
<doc>Verifies that current page contains ``text``.</doc>
<arguments>
<arg>O usuário informado não está cadastrado!</arg>
</arguments>
<msg timestamp="20201214 15:29:16.054" level="INFO">Current page contains text 'O usuário informado não está cadastrado!'.</msg>
<status status="PASS" starttime="20201214 15:29:16.021" endtime="20201214 15:29:16.054"></status>
</kw>
<kw name="Encerra sessão" library="base" type="teardown">
<kw name="Capture Page Screenshot" library="SeleniumLibrary">
<doc>Takes a screenshot of the current page and embeds it into a log file.</doc>
<msg timestamp="20201214 15:29:16.509" level="INFO" html="yes">&lt;/td&gt;&lt;/tr&gt;&lt;tr&gt;&lt;td colspan="3"&gt;&lt;a href="selenium-screenshot-30.png"&gt;&lt;img src="selenium-screenshot-30.png" width="800px"&gt;&lt;/a&gt;</msg>
<status status="PASS" starttime="20201214 15:29:16.067" endtime="20201214 15:29:16.510"></status>
</kw>
<kw name="Close Browser" library="SeleniumLibrary">
<doc>Closes the current browser.</doc>
<status status="PASS" starttime="20201214 15:29:16.510" endtime="20201214 15:29:20.094"></status>
</kw>
<status status="PASS" starttime="20201214 15:29:16.066" endtime="20201214 15:29:20.094"></status>
</kw>
<status status="PASS" starttime="20201214 15:29:05.180" endtime="20201214 15:29:20.095" critical="yes"></status>
</test>
<status status="PASS" starttime="20201214 15:28:50.096" endtime="20201214 15:29:20.099"></status>
</suite>
<statistics>
<total>
<stat pass="2" fail="0">Critical Tests</stat>
<stat pass="2" fail="0">All Tests</stat>
</total>
<tag>
</tag>
<suite>
<stat pass="2" fail="0" id="s1" name="Login Forms">Login Forms</stat>
</suite>
</statistics>
<errors>
</errors>
</robot>
