<?xml version="1.0" encoding="UTF-8"?>
<robot generator="Robot 3.2.2 (Python 3.9.1 on win32)" generated="20201214 15:40:49.078" rpa="false">
<suite id="s1" name="Tests" source="C:\Akaue\robotFramework\web\tests">
<suite id="s1-s1" name="Login Forms" source="C:\Akaue\robotFramework\web\tests\login_forms.robot">
<test id="s1-s1-t1" name="Senha Inválida">
<kw name="Nova sessão" library="base" type="setup">
<kw name="Open Browser" library="SeleniumLibrary">
<doc>Opens a new browser instance to the optional ``url``.</doc>
<arguments>
<arg>${url}</arg>
<arg>chrome</arg>
</arguments>
<msg timestamp="20201214 15:40:49.352" level="INFO">Opening browser 'chrome' to base url 'https://training-wheels-protocol.herokuapp.com/'.</msg>
<status status="PASS" starttime="20201214 15:40:49.351" endtime="20201214 15:40:55.023"></status>
</kw>
<status status="PASS" starttime="20201214 15:40:49.351" endtime="20201214 15:40:55.023"></status>
</kw>
<kw name="Go To" library="SeleniumLibrary">
<doc>Navigates the current browser window to the provided ``url``.</doc>
<arguments>
<arg>${url}/login</arg>
</arguments>
<msg timestamp="20201214 15:40:55.024" level="INFO">Opening url 'https://training-wheels-protocol.herokuapp.com//login'</msg>
<status status="PASS" starttime="20201214 15:40:55.024" endtime="20201214 15:40:55.544"></status>
</kw>
<kw name="Input Text" library="SeleniumLibrary">
<doc>Types the given ``text`` into the text field identified by ``locator``.</doc>
<arguments>
<arg>css:input[name=username]</arg>
<arg>stark</arg>
</arguments>
<msg timestamp="20201214 15:40:55.546" level="INFO">Typing text 'stark' into text field 'css:input[name=username]'.</msg>
<status status="PASS" starttime="20201214 15:40:55.545" endtime="20201214 15:40:55.735"></status>
</kw>
<kw name="Input Text" library="SeleniumLibrary">
<doc>Types the given ``text`` into the text field identified by ``locator``.</doc>
<arguments>
<arg>css:input[name=password]</arg>
<arg>jarviss!</arg>
</arguments>
<msg timestamp="20201214 15:40:55.736" level="INFO">Typing text 'jarviss!' into text field 'css:input[name=password]'.</msg>
<status status="PASS" starttime="20201214 15:40:55.736" endtime="20201214 15:40:55.890"></status>
</kw>
<kw name="Click Element" library="SeleniumLibrary">
<doc>Click the element identified by ``locator``.</doc>
<arguments>
<arg>class:btn-login</arg>
</arguments>
<msg timestamp="20201214 15:40:55.892" level="INFO">Clicking element 'class:btn-login'.</msg>
<status status="PASS" starttime="20201214 15:40:55.891" endtime="20201214 15:40:59.342"></status>
</kw>
<kw name="Get WebElement" library="SeleniumLibrary">
<doc>Returns the first WebElement matching the given ``locator``.</doc>
<arguments>
<arg>id:flash</arg>
</arguments>
<assign>
<var>${message}</var>
</assign>
<msg timestamp="20201214 15:40:59.382" level="INFO">${message} = &lt;selenium.webdriver.remote.webelement.WebElement (session="afa717322c5b3119048e91f31e047c46", element="371f6a4a-00c8-42ec-ad04-4c583f580a5c")&gt;</msg>
<status status="PASS" starttime="20201214 15:40:59.360" endtime="20201214 15:40:59.382"></status>
</kw>
<kw name="Should Contain" library="BuiltIn">
<doc>Fails if ``container`` does not contain ``item`` one or more times.</doc>
<arguments>
<arg>${message.text}</arg>
<arg>Senha é invalida!</arg>
</arguments>
<status status="PASS" starttime="20201214 15:40:59.385" endtime="20201214 15:40:59.412"></status>
</kw>
<kw name="Log To Console" library="BuiltIn">
<doc>Logs the given message to the console.</doc>
<arguments>
<arg>${message.text}</arg>
</arguments>
<status status="PASS" starttime="20201214 15:40:59.413" endtime="20201214 15:40:59.463"></status>
</kw>
<kw name="Encerra sessão" library="base" type="teardown">
<kw name="Capture Page Screenshot" library="SeleniumLibrary">
<doc>Takes a screenshot of the current page and embeds it into a log file.</doc>
<msg timestamp="20201214 15:40:59.817" level="INFO" html="yes">&lt;/td&gt;&lt;/tr&gt;&lt;tr&gt;&lt;td colspan="3"&gt;&lt;a href="selenium-screenshot-2.png"&gt;&lt;img src="selenium-screenshot-2.png" width="800px"&gt;&lt;/a&gt;</msg>
<status status="PASS" starttime="20201214 15:40:59.463" endtime="20201214 15:40:59.817"></status>
</kw>
<kw name="Close Browser" library="SeleniumLibrary">
<doc>Closes the current browser.</doc>
<status status="PASS" starttime="20201214 15:40:59.817" endtime="20201214 15:41:03.668"></status>
</kw>
<status status="PASS" starttime="20201214 15:40:59.463" endtime="20201214 15:41:03.668"></status>
</kw>
<tags>
<tag>wrong</tag>
</tags>
<status status="PASS" starttime="20201214 15:40:49.348" endtime="20201214 15:41:03.669" critical="yes"></status>
</test>
<status status="PASS" starttime="20201214 15:40:49.111" endtime="20201214 15:41:03.671"></status>
</suite>
<status status="PASS" starttime="20201214 15:40:49.080" endtime="20201214 15:41:03.674"></status>
</suite>
<statistics>
<total>
<stat pass="1" fail="0">Critical Tests</stat>
<stat pass="1" fail="0">All Tests</stat>
</total>
<tag>
<stat pass="1" fail="0">wrong</stat>
</tag>
<suite>
<stat pass="1" fail="0" id="s1" name="Tests">Tests</stat>
<stat pass="1" fail="0" id="s1-s1" name="Login Forms">Tests.Login Forms</stat>
</suite>
</statistics>
<errors>
</errors>
</robot>
